<?xml version="1.0" encoding="UTF-8"?>
<!-- Generated by org.testng.reporters.JUnitReportReporter -->
<testsuite skipped="0" hostname="vanadnamishra" name="samcostar.samcostar.SubscriptionTest" tests="1" failures="0" timestamp="14 Oct 2020 14:37:20 GMT" time="42.539" errors="0">
  <testcase name="subscriptionTest" time="42.539" classname="samcostar.samcostar.SubscriptionTest"/>
</testsuite> <!-- samcostar.samcostar.SubscriptionTest -->
