<?xml version="1.0" encoding="UTF-8"?>
<!-- Generated by org.testng.reporters.JUnitReportReporter -->
<testsuite skipped="0" hostname="vanadnamishra" name="samcostar.samcostar.ModificationTest" tests="1" failures="0" timestamp="14 Oct 2020 08:21:02 GMT" time="262.934" errors="0">
  <testcase name="clickOnAccountSettingsTest" time="262.934" classname="samcostar.samcostar.ModificationTest"/>
</testsuite> <!-- samcostar.samcostar.ModificationTest -->
