<?xml version="1.0" encoding="UTF-8"?>
<!-- Generated by org.testng.reporters.JUnitReportReporter -->
<testsuite skipped="0" hostname="vanadnamishra" name="samcostar.samcostar.FamilyTest" tests="1" failures="0" timestamp="19 Oct 2020 08:08:22 GMT" time="27.171" errors="0">
  <testcase name="Familytest" time="27.171" classname="samcostar.samcostar.FamilyTest"/>
</testsuite> <!-- samcostar.samcostar.FamilyTest -->
