<?xml version="1.0" encoding="UTF-8"?>
<!-- Generated by org.testng.reporters.JUnitReportReporter -->
<testsuite skipped="0" hostname="vanadnamishra" name="samcostar.samcostar.PortfolioTest" tests="1" failures="0" timestamp="16 Oct 2020 08:22:16 GMT" time="62.642" errors="0">
  <testcase name="ReferalcentreTest" time="62.642" classname="samcostar.samcostar.PortfolioTest"/>
</testsuite> <!-- samcostar.samcostar.PortfolioTest -->
