<?xml version="1.0" encoding="UTF-8"?>
<!-- Generated by org.testng.reporters.JUnitReportReporter -->
<testsuite skipped="0" hostname="vanadnamishra" name="samcostar.samcostar.ReferalCentreTest" tests="1" failures="0" timestamp="15 Oct 2020 10:11:49 GMT" time="60.326" errors="0">
  <testcase name="ReferalcentreTest" time="60.326" classname="samcostar.samcostar.ReferalCentreTest"/>
</testsuite> <!-- samcostar.samcostar.ReferalCentreTest -->
