<?xml version="1.0" encoding="UTF-8"?>
<!-- Generated by org.testng.reporters.JUnitReportReporter -->
<testsuite skipped="0" hostname="vanadnamishra" name="samcostar.samcostar.LoginPageTest" tests="6" failures="0" timestamp="08 Oct 2020 12:44:22 GMT" time="72.841" errors="0">
  <testcase name="loginPageTitleTest" time="9.387" classname="samcostar.samcostar.LoginPageTest"/>
  <testcase name="validateSamcoImageTest" time="15.157" classname="samcostar.samcostar.LoginPageTest"/>
  <testcase name="validateStarImageTest" time="6.994" classname="samcostar.samcostar.LoginPageTest"/>
  <testcase name="WrongPasswloginTest" time="18.378" classname="samcostar.samcostar.LoginPageTest"/>
  <testcase name="BlankLoginTest" time="10.717" classname="samcostar.samcostar.LoginPageTest"/>
  <testcase name="loginTest" time="12.208" classname="samcostar.samcostar.LoginPageTest"/>
</testsuite> <!-- samcostar.samcostar.LoginPageTest -->
