<?xml version="1.0" encoding="UTF-8"?>
<!-- Generated by org.testng.reporters.JUnitReportReporter -->
<testsuite skipped="0" hostname="vanadnamishra" name="samcostar.samcostar.ReportsTest" tests="1" failures="0" timestamp="16 Oct 2020 10:20:26 GMT" time="63.630" errors="0">
  <testcase name="ReferalcentreTest" time="63.630" classname="samcostar.samcostar.ReportsTest"/>
</testsuite> <!-- samcostar.samcostar.ReportsTest -->
