<?xml version="1.0" encoding="UTF-8"?>
<!-- Generated by org.testng.reporters.JUnitReportReporter -->
<testsuite skipped="0" hostname="vanadnamishra" name="samcostar.samcostar.SamcoResourcesTest" tests="1" failures="0" timestamp="16 Oct 2020 10:48:29 GMT" time="85.332" errors="0">
  <testcase name="SamcoresourcesTest" time="85.332" classname="samcostar.samcostar.SamcoResourcesTest"/>
</testsuite> <!-- samcostar.samcostar.SamcoResourcesTest -->
