<?xml version="1.0" encoding="UTF-8"?>
<!-- Generated by org.testng.reporters.JUnitReportReporter -->
<testsuite skipped="0" hostname="vanadnamishra" name="samcostar.samcostar.ReferalCentreTest" tests="3" failures="0" timestamp="30 Oct 2020 13:25:26 GMT" time="142.703" errors="0">
  <testcase name="validatereferalentry" time="42.519" classname="samcostar.samcostar.ReferalCentreTest"/>
  <testcase name="validatereferalentry" time="49.928" classname="samcostar.samcostar.ReferalCentreTest"/>
  <testcase name="validatereferalentry" time="50.256" classname="samcostar.samcostar.ReferalCentreTest"/>
</testsuite> <!-- samcostar.samcostar.ReferalCentreTest -->
