<?xml version="1.0" encoding="UTF-8"?>
<!-- Generated by org.testng.reporters.JUnitReportReporter -->
<testsuite skipped="0" hostname="vanadnamishra" name="samcostar.samcostar.FundsTest" tests="1" failures="0" timestamp="19 Oct 2020 08:01:30 GMT" time="23.936" errors="0">
  <testcase name="Fundstest" time="23.936" classname="samcostar.samcostar.FundsTest"/>
</testsuite> <!-- samcostar.samcostar.FundsTest -->
