<?xml version="1.0" encoding="UTF-8"?>
<!-- Generated by org.testng.reporters.JUnitReportReporter -->
<testsuite skipped="0" hostname="vanadnamishra" name="samcostar.samcostar.HomePageTest" tests="1" failures="0" timestamp="14 Oct 2020 11:12:08 GMT" time="14.718" errors="0">
  <testcase name="AssetsTest" time="14.718" classname="samcostar.samcostar.HomePageTest"/>
</testsuite> <!-- samcostar.samcostar.HomePageTest -->
