<?xml version="1.0" encoding="UTF-8"?>
<!-- Generated by org.testng.reporters.JUnitReportReporter -->
<testsuite skipped="0" hostname="vanadnamishra" name="samcostar.samcostar.HomePageTest" tests="6" failures="0" timestamp="12 Oct 2020 08:43:26 GMT" time="212.860" errors="0">
  <testcase name="verifyHomePageTitleTest" time="22.883" classname="samcostar.samcostar.HomePageTest"/>
  <testcase name="verifyUserNameTest" time="35.710" classname="samcostar.samcostar.HomePageTest"/>
  <testcase name="clickOnMyProfileTest" time="31.458" classname="samcostar.samcostar.HomePageTest"/>
  <testcase name="clickOnAccountSettingsTest" time="37.980" classname="samcostar.samcostar.HomePageTest"/>
  <testcase name="clickOnLogoutTest" time="30.884" classname="samcostar.samcostar.HomePageTest"/>
  <testcase name="BrokenLinksTest" time="53.945" classname="samcostar.samcostar.HomePageTest"/>
</testsuite> <!-- samcostar.samcostar.HomePageTest -->
